0.482687   0.425713   -0.489457
-0.361925   -0.385421   -0.490164
0.480576   -0.386807   -0.319628
-0.355699   0.453541   -0.326734
-0.174447   0.438774   -0.499205
-0.037873   -0.388859   0.493328
-0.196339   -0.37623   -0.339471
-0.0357544   0.440259   -0.335551
0.14772   0.438548   -0.483014
0.317817   -0.387685   -0.476123
0.12308   -0.411307   -0.323656
0.313509   0.443701   -0.331473
0.476802   -0.234482   -0.496532
-0.355036   -0.0635395   -0.491728
-0.488356   -0.0587169   -0.317052
-0.346983   -0.220726   -0.319228
-0.191839   -0.214604   -0.496803
-0.037056   -0.0551649   0.494604
-0.175381   -0.0647389   -0.322209
-0.00752968   -0.229797   -0.313214
0.141693   -0.244965   -0.491345
0.324806   -0.0444096   -0.471329
0.141688   -0.0645167   -0.33005
0.308253   -0.236136   -0.323479
0.496697   0.106444   -0.480326
-0.357504   0.274696   -0.486635
0.474558   0.266942   -0.326371
-0.349513   0.0986773   -0.327847
-0.191497   0.10479   -0.479397
-0.0315261   0.274059   -0.472588
-0.206825   0.294465   -0.33162
-0.00564528   0.0853686   -0.327865
0.134741   0.0948117   -0.489048
0.318148   0.247928   -0.490371
0.162386   0.254705   -0.304153
0.31515   0.103078   -0.312781
0.465843   0.452116   -0.148746
-0.334086   -0.393785   -0.162984
0.476415   -0.393752   0.00424561
-0.353536   0.408565   0.00926914
-0.178278   0.439889   -0.140721
-0.0270512   -0.412617   -0.162971
-0.166609   -0.393316   -0.00173482
-0.00767718   0.421783   0.0142934
0.135459   0.415291   -0.154903
0.299007   -0.389912   -0.157953
0.15423   -0.419299   0.00601284
0.322994   0.428238   0.0379031
-0.498061   -0.226785   -0.156157
-0.338079   -0.0784109   -0.167077
0.482671   -0.0741946   -0.010716
-0.344716   -0.19574   0.0186483
-0.179474   -0.233339   -0.157951
-0.0192129   -0.0623037   -0.153164
-0.177449   -0.0459923   -0.00411925
-0.0145634   -0.224959   0.00464808
0.15207   -0.225083   -0.157282
0.304819   -0.0645933   -0.174828
0.156592   -0.0763561   0.0210892
0.314039   -0.230813   0.0142815
0.482795   0.101454   -0.171359
-0.35995   0.267165   -0.163793
0.472678   0.272229   0.0235846
-0.368074   0.10344   -0.0120331
-0.183484   0.0940913   -0.167727
-0.0274118   0.255305   -0.167743
-0.166834   0.239822   -0.0012042
0.00869535   0.0966371   0.000555924
0.153023   0.0944679   -0.160654
0.325862   0.289184   -0.15939
0.16157   0.251946   0.0192239
0.328094   0.109337   -0.0164214
0.489186   0.44593   0.184692
-0.346263   -0.398296   0.134514
0.490105   -0.417699   0.353345
-0.332592   0.448887   0.352123
-0.197785   0.441449   0.190172
-0.00849865   -0.402528   0.182391
-0.197794   -0.37338   0.322957
-0.0102875   0.445816   0.340769
0.135263   0.422688   0.185522
0.3031   -0.403075   0.185163
0.148819   -0.403496   0.346219
0.302715   0.445784   0.364543
0.485415   -0.229741   0.179478
-0.352881   -0.0581775   0.166624
0.485968   -0.0457465   0.356764
-0.360714   -0.214984   0.341621
-0.169566   -0.205438   0.165769
-0.0113455   -0.0564466   0.159972
-0.187479   -0.0397685   0.334852
-0.0131774   -0.212848   0.322644
0.143942   -0.241509   0.179603
0.315064   -0.0568697   0.170001
0.160391   -0.0604201   0.362721
0.324383   -0.239123   0.326274
0.47769   0.0930828   0.172236
-0.358176   0.266377   0.179812
0.474635   0.258541   0.322975
-0.358956   0.0988822   0.347918
-0.190901   0.105463   0.170095
-0.0257602   0.266843   0.178205
-0.186473   0.251472   0.347864
-0.0222697   0.0990718   0.325372
0.156104   0.0903775   0.18281
0.288726   0.263714   0.214525
0.13809   0.260624   0.372863
0.313265   0.0992846   0.341928
