0.499135   -0.488098   0.486276
-0.351989   -0.319768   0.494934
-0.484918   -0.326504   -0.326734
-0.321893   0.493479   -0.344524
-0.16394   -0.491085   0.491442
0.0131607   -0.336403   -0.484066
-0.172868   -0.320486   -0.332229
0.0194814   0.48848   -0.340436
0.196853   0.499185   0.487834
0.355332   -0.331481   0.491822
0.170855   -0.329064   -0.342016
0.33355   -0.485325   -0.329438
-0.49123   -0.1549   -0.489813
-0.359993   0.00351653   0.486762
0.49665   0.00298689   -0.330549
-0.332974   -0.152168   -0.307035
-0.156967   -0.166066   0.491594
-0.007233   0.000644719   0.499141
-0.163802   -0.0136005   -0.352205
0.00158765   -0.14183   -0.315704
0.165217   -0.151629   -0.496907
0.332277   0.0136938   -0.49722
0.173053   0.0119808   -0.314247
0.311609   -0.161953   -0.320104
0.495677   0.177726   -0.477314
-0.331027   0.338981   0.494509
-0.483062   0.351034   -0.3416
-0.318244   0.178492   -0.354042
-0.169257   0.170845   0.457494
0.0073686   0.334535   0.484088
-0.141971   0.332468   -0.341762
0.00653229   0.160068   -0.340502
0.162379   0.171969   -0.490853
0.333386   0.33384   -0.474571
0.168334   0.333735   -0.337619
0.331318   0.177996   -0.322596
-0.493824   -0.491694   -0.163538
-0.338619   -0.340747   -0.164639
-0.496676   -0.337949   0.0051536
-0.328511   -0.499531   -0.00355087
-0.164547   0.499343   -0.169849
-0.00264024   -0.345211   -0.191181
-0.164163   -0.332664   -0.013696
0.00112383   -0.488884   0.00501469
0.160792   0.496095   -0.171356
0.330272   -0.335714   -0.166205
0.172643   -0.33297   0.0154559
0.3397   0.48807   -0.00332829
0.495184   -0.161544   -0.157699
-0.341741   0.0102677   -0.16879
0.499763   0.00665965   0.0182724
-0.351731   -0.151918   0.00927413
-0.176443   -0.164908   -0.166201
-0.0214984   0.00888817   -0.161233
-0.159882   -0.0115796   0.0246604
-0.00900114   -0.179994   0.00376
0.148126   -0.18592   -0.157212
0.3419   -0.0193083   -0.156052
0.16752   -0.00676107   -0.000590319
0.329049   -0.180082   0.000878704
0.487206   0.171932   -0.143149
-0.324231   0.317393   -0.165281
-0.496087   0.325719   0.022689
-0.324614   0.170254   0.0225007
-0.183473   0.162962   -0.159587
0.00124937   0.323648   -0.166555
-0.176333   0.334859   0.00795883
-0.00633187   0.156878   -0.00675983
0.155145   0.163325   -0.176996
0.345466   0.344855   -0.180265
0.165006   0.339323   -0.00824057
0.31978   0.164007   -0.0226826
-0.494373   0.481594   0.153928
-0.33474   -0.334727   0.163092
0.498785   -0.343172   0.308891
-0.327032   0.487482   0.330026
-0.162859   0.495461   0.172566
0.00019932   -0.333253   0.172042
-0.181703   -0.3317   0.334758
0.00381632   -0.495328   0.318232
0.171885   -0.49732   0.161741
0.346692   -0.34288   0.156525
0.175595   -0.333054   0.308157
0.348648   0.497308   0.335328
0.497231   -0.159219   0.171804
-0.34938   -0.0153017   0.182574
0.470566   0.0118607   0.343317
-0.350667   -0.178759   0.318233
-0.17922   -0.185804   0.16942
0.00931304   -0.0108929   0.174292
-0.190391   -0.0139079   0.333304
0.00258724   -0.179186   0.342575
0.186941   -0.148304   0.164749
0.329468   0.00453287   0.160157
0.177272   -0.00711309   0.331416
0.332401   -0.156116   0.35174
0.48522   0.164389   0.182756
-0.330112   0.338011   0.164085
0.497464   0.330361   0.331539
-0.344592   0.154994   0.325063
-0.149234   0.149493   0.180698
-0.00550138   0.32331   0.145692
-0.169139   0.337252   0.320857
0.00764236   0.163443   0.323584
0.164236   0.169903   0.163137
0.329203   0.318867   0.167352
0.180585   0.343058   0.321545
0.331229   0.172325   0.362034
