0.119533   -0.52761   -1.38149
0.687464   0.321482   0.462331
-0.318586   0.17936   -0.490947
-1.20511   -0.170879   1.8175
1.25611   -1.02014   1.81267
0.385379   0.00670882   0.783092
1.26017   -0.453402   -0.888037
-0.86214   0.0620609   0.0767982
-0.592609   0.0843308   1.38016
-0.638972   -1.36491   0.743579
-0.780215   -0.807319   0.849529
-1.33866   1.01043   0.346405
1.43147   1.37791   -1.13925
-0.569102   -0.813687   -1.94347
-0.294043   -0.0887867   0.17979
1.11622   0.347359   0.345883
-0.669113   -0.233254   0.484391
0.844582   -0.541185   -0.402303
0.700762   0.363297   0.0078648
-1.18941   -0.868166   -2.02989
-1.2528   -1.23981   0.462279
1.27342   2.05496   -2.23848
-1.16028   1.01983   -0.0700758
-1.00795   -0.0471242   0.0438185
0.927234   -0.632189   0.260487
-0.315123   0.730184   0.597698
-1.61238   0.126902   1.51729
-0.399812   -0.819321   -1.09683
-0.0489825   0.152861   -0.160381
-0.57705   -0.765049   0.947966
2.37686   0.522544   -0.90181
0.200916   -0.337418   0.615931
0.510004   1.07575   -1.20804
0.231452   0.345763   -0.300808
1.13853   1.02983   0.16215
-0.195352   1.46209   0.716445
2.35259   -0.356108   -0.662203
1.33105   -0.376548   -0.0753208
-0.203535   1.46666   -0.753332
1.47685   0.531528   -0.505315
-0.872148   0.0357673   -0.0685148
2.01973   -0.894153   -0.229093
0.0315549   0.225985   0.528902
0.664397   0.680096   0.473793
-0.453466   0.174956   -0.74288
0.117484   0.126307   0.320987
-0.20931   -0.290047   1.25216
-0.651708   -0.65669   1.43499
1.03918   -0.425441   -0.912661
-0.280565   -1.48525   1.47413
0.0167263   -0.497904   0.259927
0.530921   0.817325   0.8431
-0.318618   -0.129536   1.46969
-0.117317   -0.631668   0.299475
-0.392353   -0.628703   -0.145726
-2.11271   0.893036   -0.360973
1.30492   0.151445   -0.373624
-0.146842   -0.0275772   0.422156
-0.700211   0.559085   -0.736898
-0.00583478   1.59875   -0.344838
0.200479   1.52294   -0.542828
0.806439   0.355339   0.0968452
-1.77198   -1.68738   0.904628
0.851431   -1.17324   0.346068
1.03621   1.37445   1.64984
0.775676   -0.112979   -2.27833
0.813956   -0.0953947   -1.58881
-0.149335   0.340175   -1.19411
0.332078   0.232425   0.426544
-2.3665   0.157423   -0.861079
-0.0305148   1.27277   2.16404
0.620103   -0.46693   -0.360383
0.593392   0.196837   1.19898
-0.0499128   0.811775   1.16532
0.49125   -0.590009   0.591614
-0.129481   0.336168   0.157071
0.964406   -1.81035   -0.597269
-0.556502   1.1477   -0.339749
-0.759363   0.126756   0.713688
0.465365   0.675838   -0.750253
0.226983   -1.01933   1.382
-0.339128   -1.06992   -0.32211
-0.0593957   -1.2077   -1.54817
-0.645953   0.649003   -1.52445
-0.948795   1.52549   0.360342
0.109466   -0.400312   0.682476
0.805554   -0.504548   0.444105
0.0112868   0.0773022   -0.16873
0.345972   1.25579   -0.399211
-1.81547   -1.07357   -1.00822
0.412542   -1.58338   0.673096
1.2904   -0.128308   1.12664
0.42646   -1.1022   -0.0333885
-2.19135   1.82494   -0.154931
0.000489291   -0.229626   1.85746
0.983753   0.209845   -0.438206
0.646307   -0.896315   -0.604146
-1.16183   0.124045   -1.42088
-0.526376   -1.33546   0.182571
-0.656565   0.811559   0.530289
-0.363405   0.0531046   0.0467098
0.600868   -0.312537   -0.00417012
0.5439   -0.532113   0.379339
-0.833693   0.66867   -1.49558
0.260185   -0.580911   -0.693513
-2.40798   1.00305   -0.767324
-0.238686   -1.16843   -0.795302
-0.465924   -0.0771673   -0.418699
